============================================================
平台健康巡检报告
============================================================
时间: 2026-04-24T16:34:22.826665

📊 总体统计
----------------------------------------
总调用数: 0
Uncertain 记录: 0
未确认 Uncertain: 0

📈 24 小时统计
----------------------------------------
失败率: 0.00%
超时率: 0.00%

🔐 NOTIFICATION 授权状态
----------------------------------------
状态: not_configured
说明: authCode 未配置或无效

📋 状态分布
----------------------------------------

🏥 健康评估
----------------------------------------
⚠️ NOTIFICATION 未正确授权

============================================================

